<?xml version="1.0" encoding="UTF-8"?>
<!-- Generated by org.testng.reporters.JUnitReportReporter -->
<testsuite hostname="chetan" name="com.basic.TestingGoogle" tests="1" failures="0" timestamp="9 Jun 2019 03:52:35 GMT" time="3.082" errors="0">
  <testcase name="testGoogle" time="3.082" classname="com.basic.TestingGoogle"/>
</testsuite> <!-- com.basic.TestingGoogle -->
